<?xml version="1.0" encoding="UTF-8" standalone="yes"?><!DOCTYPE report PUBLIC "-//JACOCO//DTD Report 1.1//EN" "report.dtd"><report name="projetQualyM"><sessioninfo id="LAPTOP-6B799E58-2d87bd03" start="1678716536922" dump="1678716538321"/><sessioninfo id="LAPTOP-6B799E58-fd96e871" start="1678716585521" dump="1678716587640"/><sessioninfo id="LAPTOP-6B799E58-b7513fb1" start="1678716688033" dump="1678716691321"/><sessioninfo id="LAPTOP-6B799E58-7f10f364" start="1678716758773" dump="1678716761431"/><sessioninfo id="LAPTOP-6B799E58-df1ae214" start="1678717040382" dump="1678717041933"/><sessioninfo id="LAPTOP-6B799E58-d147ca7a" start="1678717342241" dump="1678717343781"/><sessioninfo id="LAPTOP-6B799E58-281afb5f" start="1678717735369" dump="1678717737011"/><sessioninfo id="LAPTOP-6B799E58-7fe2ab0" start="1678717903253" dump="1678717905000"/><sessioninfo id="LAPTOP-6B799E58-905f7871" start="1678718313109" dump="1678718315632"/><sessioninfo id="LAPTOP-6B799E58-f37c2504" start="1678718580642" dump="1678718582211"/><sessioninfo id="LAPTOP-6B799E58-c0394aed" start="1678718603452" dump="1678718604946"/><sessioninfo id="LAPTOP-6B799E58-13a4bf60" start="1678718627036" dump="1678718629085"/><sessioninfo id="LAPTOP-6B799E58-b993918b" start="1678718724082" dump="1678718726149"/><sessioninfo id="LAPTOP-6B799E58-51ba0293" start="1678718801256" dump="1678718802580"/><sessioninfo id="LAPTOP-6B799E58-2c1d7d80" start="1678718822594" dump="1678718824665"/><sessioninfo id="LAPTOP-6B799E58-fc4b45e8" start="1678719163477" dump="1678719165036"/><sessioninfo id="LAPTOP-6B799E58-76cd560e" start="1678719488932" dump="1678719490793"/><sessioninfo id="LAPTOP-6B799E58-f1cd5d77" start="1678719874975" dump="1678719876522"/><sessioninfo id="LAPTOP-6B799E58-a3985b0b" start="1678719907415" dump="1678719909985"/><sessioninfo id="LAPTOP-6B799E58-829c354" start="1678719996117" dump="1678719997489"/><sessioninfo id="LAPTOP-6B799E58-f91d924e" start="1678720092462" dump="1678720095599"/><sessioninfo id="LAPTOP-6B799E58-4795d629" start="1678720219088" dump="1678720220564"/><sessioninfo id="LAPTOP-6B799E58-3390ef92" start="1678720288999" dump="1678720290628"/><sessioninfo id="LAPTOP-6B799E58-a3cca70d" start="1678720353810" dump="1678720356335"/><sessioninfo id="LAPTOP-6B799E58-9f6c37af" start="1678720392942" dump="1678720394611"/><sessioninfo id="LAPTOP-6B799E58-186d5892" start="1678720519661" dump="1678720521487"/><sessioninfo id="LAPTOP-6B799E58-a927b792" start="1678720540952" dump="1678720542548"/><sessioninfo id="LAPTOP-6B799E58-46c38252" start="1678720621111" dump="1678720623339"/><sessioninfo id="LAPTOP-6B799E58-6f7bb21c" start="1678720808957" dump="1678720810798"/><sessioninfo id="LAPTOP-6B799E58-9e05842e" start="1678720839801" dump="1678720841471"/><sessioninfo id="LAPTOP-6B799E58-bb7724fc" start="1678720889463" dump="1678720890954"/><sessioninfo id="LAPTOP-6B799E58-9a3ec234" start="1678720920077" dump="1678720922611"/><sessioninfo id="LAPTOP-6B799E58-bdd6b77e" start="1678721720264" dump="1678721721875"/><sessioninfo id="LAPTOP-6B799E58-6c25008d" start="1678721841882" dump="1678721843566"/><sessioninfo id="LAPTOP-6B799E58-f84dc0df" start="1678722471906" dump="1678722473407"/><sessioninfo id="LAPTOP-6B799E58-d06939bd" start="1678723390713" dump="1678723393965"/></report>