<?xml version="1.0" encoding="UTF-8" standalone="yes"?><!DOCTYPE report PUBLIC "-//JACOCO//DTD Report 1.1//EN" "report.dtd"><report name="projetQualyM"><sessioninfo id="LAPTOP-6B799E58-4953536c" start="1678713154339" dump="1678713156601"/><sessioninfo id="LAPTOP-6B799E58-5e34373" start="1678713223577" dump="1678713226469"/><sessioninfo id="LAPTOP-6B799E58-d6467fd1" start="1678713242432" dump="1678713244412"/><sessioninfo id="LAPTOP-6B799E58-dbf19b97" start="1678713358987" dump="1678713360552"/></report>